Determining if the pthread_create exist failed with the following output:
Change Dir: /home/kaffe/catkin_ws/src/rangeimage/src/build/CMakeFiles/CMakeTmp

Run Build Command:/usr/bin/make "cmTryCompileExec2152635368/fast"
/usr/bin/make -f CMakeFiles/cmTryCompileExec2152635368.dir/build.make CMakeFiles/cmTryCompileExec2152635368.dir/build
make[1]: Entering directory `/home/kaffe/catkin_ws/src/rangeimage/src/build/CMakeFiles/CMakeTmp'
/usr/bin/cmake -E cmake_progress_report /home/kaffe/catkin_ws/src/rangeimage/src/build/CMakeFiles/CMakeTmp/CMakeFiles 1
Building C object CMakeFiles/cmTryCompileExec2152635368.dir/CheckSymbolExists.c.o
/usr/bin/cc    -o CMakeFiles/cmTryCompileExec2152635368.dir/CheckSymbolExists.c.o   -c /home/kaffe/catkin_ws/src/rangeimage/src/build/CMakeFiles/CMakeTmp/CheckSymbolExists.c
Linking C executable cmTryCompileExec2152635368
/usr/bin/cmake -E cmake_link_script CMakeFiles/cmTryCompileExec2152635368.dir/link.txt --verbose=1
/usr/bin/cc        CMakeFiles/cmTryCompileExec2152635368.dir/CheckSymbolExists.c.o  -o cmTryCompileExec2152635368 -rdynamic 
CMakeFiles/cmTryCompileExec2152635368.dir/CheckSymbolExists.c.o: In function `main':
CheckSymbolExists.c:(.text+0x16): undefined reference to `pthread_create'
collect2: error: ld returned 1 exit status
make[1]: *** [cmTryCompileExec2152635368] Error 1
make[1]: Leaving directory `/home/kaffe/catkin_ws/src/rangeimage/src/build/CMakeFiles/CMakeTmp'
make: *** [cmTryCompileExec2152635368/fast] Error 2

File /home/kaffe/catkin_ws/src/rangeimage/src/build/CMakeFiles/CMakeTmp/CheckSymbolExists.c:
/* */
#include <pthread.h>

int main(int argc, char** argv)
{
  (void)argv;
#ifndef pthread_create
  return ((int*)(&pthread_create))[argc];
#else
  (void)argc;
  return 0;
#endif
}

Determining if the function pthread_create exists in the pthreads failed with the following output:
Change Dir: /home/kaffe/catkin_ws/src/rangeimage/src/build/CMakeFiles/CMakeTmp

Run Build Command:/usr/bin/make "cmTryCompileExec1041211790/fast"
/usr/bin/make -f CMakeFiles/cmTryCompileExec1041211790.dir/build.make CMakeFiles/cmTryCompileExec1041211790.dir/build
make[1]: Entering directory `/home/kaffe/catkin_ws/src/rangeimage/src/build/CMakeFiles/CMakeTmp'
/usr/bin/cmake -E cmake_progress_report /home/kaffe/catkin_ws/src/rangeimage/src/build/CMakeFiles/CMakeTmp/CMakeFiles 1
Building C object CMakeFiles/cmTryCompileExec1041211790.dir/CheckFunctionExists.c.o
/usr/bin/cc   -DCHECK_FUNCTION_EXISTS=pthread_create   -o CMakeFiles/cmTryCompileExec1041211790.dir/CheckFunctionExists.c.o   -c /usr/share/cmake-2.8/Modules/CheckFunctionExists.c
Linking C executable cmTryCompileExec1041211790
/usr/bin/cmake -E cmake_link_script CMakeFiles/cmTryCompileExec1041211790.dir/link.txt --verbose=1
/usr/bin/cc    -DCHECK_FUNCTION_EXISTS=pthread_create    CMakeFiles/cmTryCompileExec1041211790.dir/CheckFunctionExists.c.o  -o cmTryCompileExec1041211790 -rdynamic -lpthreads 
/usr/bin/ld: cannot find -lpthreads
collect2: error: ld returned 1 exit status
make[1]: *** [cmTryCompileExec1041211790] Error 1
make[1]: Leaving directory `/home/kaffe/catkin_ws/src/rangeimage/src/build/CMakeFiles/CMakeTmp'
make: *** [cmTryCompileExec1041211790/fast] Error 2


